# Preference setting overrides
gui_create_pref_key -category {Globals} -key {load_detail_for_funcov} -value_type {bool} -value {false}

# State setting overrides
gui_state_default_create -off -ini
gui_set_state_value -category Layout -key child_console_size_x -value 1427
gui_set_state_value -category Layout -key child_console_size_y -value 177
gui_set_state_value -category Layout -key child_data_size_x -value 217
gui_set_state_value -category Layout -key child_data_size_y -value 567
gui_set_state_value -category Layout -key child_driver_size_x -value 831
gui_set_state_value -category Layout -key child_driver_size_y -value 213
gui_set_state_value -category Layout -key child_hier_colhier -value 204
gui_set_state_value -category Layout -key child_hier_coltype -value 107
gui_set_state_value -category Layout -key child_hier_size_x -value 282
gui_set_state_value -category Layout -key child_hier_size_y -value 567
gui_set_state_value -category Layout -key child_hier_sort_order -value 1
gui_set_state_value -category Layout -key child_list_down -value 155
gui_set_state_value -category Layout -key child_list_right -value 444
gui_set_state_value -category Layout -key child_source_docknewline -value false
gui_set_state_value -category Layout -key child_source_pos_x -value {-2}
gui_set_state_value -category Layout -key child_source_pos_y -value {-15}
gui_set_state_value -category Layout -key child_source_size_x -value 931
gui_set_state_value -category Layout -key child_source_size_y -value 562
gui_set_state_value -category Layout -key child_wave_colname -value 233
gui_set_state_value -category Layout -key child_wave_colvalue -value 233
gui_set_state_value -category Layout -key child_wave_left -value 470
gui_set_state_value -category Layout -key child_wave_right -value 1146
gui_set_state_value -category Layout -key main_pos_x -value 214
gui_set_state_value -category Layout -key main_pos_y -value 171
gui_set_state_value -category Layout -key main_size_x -value 1641
gui_set_state_value -category Layout -key main_size_y -value 1014
gui_set_state_value -category Layout -key stand_list_child_docknewline -value false
gui_set_state_value -category Layout -key stand_list_child_pos_x -value {-2}
gui_set_state_value -category Layout -key stand_list_child_pos_y -value {-15}
gui_set_state_value -category Layout -key stand_list_child_size_x -value 604
gui_set_state_value -category Layout -key stand_list_child_size_y -value 300
gui_set_state_value -category Layout -key stand_list_top_pos_y -value 22
gui_set_state_value -category Layout -key stand_list_top_size_x -value 1099
gui_set_state_value -category Layout -key stand_list_top_size_y -value 521
gui_set_state_value -category Layout -key stand_source_child_docknewline -value false
gui_set_state_value -category Layout -key stand_source_child_pos_x -value {-2}
gui_set_state_value -category Layout -key stand_source_child_pos_y -value {-15}
gui_set_state_value -category Layout -key stand_source_child_size_x -value 1126
gui_set_state_value -category Layout -key stand_source_child_size_y -value 368
gui_set_state_value -category Layout -key stand_wave_child_docknewline -value false
gui_set_state_value -category Layout -key stand_wave_child_pos_x -value {-2}
gui_set_state_value -category Layout -key stand_wave_child_pos_y -value {-15}
gui_set_state_value -category Layout -key stand_wave_child_size_x -value 1626
gui_set_state_value -category Layout -key stand_wave_child_size_y -value 781
gui_set_state_value -category Layout -key stand_wave_top_pos_x -value 102
gui_set_state_value -category Layout -key stand_wave_top_pos_y -value 88
gui_set_state_value -category Layout -key stand_wave_top_size_x -value 1723
gui_set_state_value -category Layout -key stand_wave_top_size_y -value 973
gui_create_state_key -category FindDialog -key m_pMatchCase -value_type bool -value false
gui_create_state_key -category FindDialog -key m_pMatchWord -value_type bool -value false
gui_create_state_key -category FindDialog -key m_pUseCombo -value_type string -value {}
gui_create_state_key -category FindDialog -key m_pWrapAround -value_type bool -value true
gui_create_state_key -category Widget_History -key Find|m_pFindFrame|m_pFindCombo -value_type string -value 3160s45a
gui_create_state_key -category Widget_History -key TopLevel.1|qt_top_dock|&Edit|FindCombo -value_type string -value 3160s45a
gui_create_state_key -category Widget_History -key TopLevel.2|qt_top_dock|&Edit|FindCombo -value_type string -value 3160s45a
gui_create_state_key -category Widget_History -key {dlgSimSetup|m_setupTab|tab pages|BuildTab|m_rebuildBtnGroup|m_customCmdCombo} -value_type string -value {{vcs -sverilog -debug crc.sv crc5.sv crc_test.sv lib.sv} {vcs -sverilog -R -debug top.sv node.sv router_v2.sv TA_tb_full.svp} {vcs -sverilog -R -debug top.sv node.sv router_v2.sv TA_tb_performance.svp} {vcs -sverilog -R -debug top.sv node.sv router_v2.sv TA_tb_random.svp} {vcs -sverilog -R -debug top.sv node.sv router_v2.sv TA_tb_simple3.svp}}
gui_create_state_key -category Widget_History -key {dlgSimSetup|m_setupTab|tab pages|SimTab|m_VPDCombo} -value_type string -value inter.vpd
gui_create_state_key -category Widget_History -key {dlgSimSetup|m_setupTab|tab pages|SimTab|m_argsCombo} -value_type string -value {{ -ucligui}}
gui_create_state_key -category Widget_History -key {dlgSimSetup|m_setupTab|tab pages|SimTab|m_curDirCombo} -value_type string -value {/afs/ece.cmu.edu/usr/jaewonch/Private/class/18-341/p3/project3USB /afs/ece.cmu.edu/usr/jaewonch/Private/class/18-341/p2 /afs/ece.cmu.edu/usr/jaewonch/Private/class/18-240/Lab0}
gui_create_state_key -category Widget_History -key {dlgSimSetup|m_setupTab|tab pages|SimTab|m_exeCombo} -value_type string -value {/afs/ece.cmu.edu/usr/jaewonch/Private/class/18-341/p3/project3USB/simv ./simv /afs/ece.cmu.edu/usr/jaewonch/Private/class/18-341/p2/simv {vcs -sverilog -R -debug top.sv node.sv trafficFSM.sv router.sv TA_tb_simple2.svp} /afs/ece.cmu.edu/usr/jaewonch/Private/class/18-240/Lab0/simv}
gui_state_default_create -off

# Begin command logging
gui_sim_run Ucli -exe ./simv -args {-ucligui  } -dir .
gui_list_expand -id  Hier.1   top
gui_list_select -id Hier.1 -selected  { top.tb   }
gui_list_select -id Hier.1 -selected  { top.host   }
gui_list_expand -id  Hier.1   top.host
gui_list_select -id Hier.1 -selected  { top.host.rwfsm   }
gui_list_select -id Hier.1 -selected  { top.host.rwfsm  top.host.pfsm   }
gui_list_select -id Hier.1 -selected  { top.host.rwfsm  top.host.pfsm  top.host.bs   }
gui_open_window Wave
gui_list_add -id Wave.1 -from Hier.1 { top.host.rwfsm top.host.pfsm top.host.bs } -insertionbar
gui_sim_continue  
gui_sim_stop 
gui_zoom -window Wave.1 -factor 2
gui_zoom -window Wave.1 -factor 2
gui_zoom -window Wave.1 -factor 2
gui_zoom -window Wave.1 -factor 2
gui_zoom -window Wave.1 -factor 2
gui_wv_scroll_hslidermove -id  Wave.1 0
gui_close_window -window TopLevel.2
